# JRE version: Java(TM) SE Runtime Environment (8.0_11-b12) (build 1.8.0_11-b12)
# Java VM: Java HotSpot(TM) 64-Bit Server VM (25.11-b03 mixed mode bsd-amd64 compressed oops)
Heap:
 PSYoungGen      total 2560K, used 2170K [0x0000000780000000, 0x0000000780700000, 0x00000007c0000000)
  eden space 2048K, 80% used [0x0000000780000000,0x000000078019ead0,0x0000000780200000)
  from space 512K, 100% used [0x0000000780200000,0x0000000780280000,0x0000000780280000)
  to   space 1536K, 0% used [0x0000000780580000,0x0000000780580000,0x0000000780700000)
 ParOldGen       total 195072K, used 1303K [0x0000000700000000, 0x000000070be80000, 0x0000000780000000)
  object space 195072K, 0% used [0x0000000700000000,0x0000000700145f70,0x000000070be80000)
 Metaspace       used 9453K, capacity 9664K, committed 9856K, reserved 1058816K
  class space    used 1116K, capacity 1149K, committed 1152K, reserved 1048576K
GC Heap History (10 events):
Event: 0.105 GC heap before
{Heap before GC invocations=1 (full 0):
 PSYoungGen      total 1024K, used 512K [0x0000000780000000, 0x0000000780180000, 0x00000007c0000000)
  eden space 512K, 100% used [0x0000000780000000,0x0000000780080000,0x0000000780080000)
  from space 512K, 0% used [0x0000000780100000,0x0000000780100000,0x0000000780180000)
  to   space 512K, 0% used [0x0000000780080000,0x0000000780080000,0x0000000780100000)
 ParOldGen       total 195072K, used 0K [0x0000000700000000, 0x000000070be80000, 0x0000000780000000)
  object space 195072K, 0% used [0x0000000700000000,0x0000000700000000,0x000000070be80000)
 Metaspace       used 2486K, capacity 4480K, committed 4480K, reserved 1056768K
  class space    used 268K, capacity 384K, committed 384K, reserved 1048576K
Event: 0.106 GC heap after
Heap after GC invocations=1 (full 0):
 PSYoungGen      total 1024K, used 416K [0x0000000780000000, 0x0000000780200000, 0x00000007c0000000)
  eden space 512K, 0% used [0x0000000780000000,0x0000000780000000,0x0000000780080000)
  from space 512K, 81% used [0x0000000780080000,0x00000007800e8020,0x0000000780100000)
  to   space 512K, 0% used [0x0000000780180000,0x0000000780180000,0x0000000780200000)
 ParOldGen       total 195072K, used 8K [0x0000000700000000, 0x000000070be80000, 0x0000000780000000)
  object space 195072K, 0% used [0x0000000700000000,0x0000000700002000,0x000000070be80000)
 Metaspace       used 2486K, capacity 4480K, committed 4480K, reserved 1056768K
  class space    used 268K, capacity 384K, committed 384K, reserved 1048576K
}
Event: 0.128 GC heap before
{Heap before GC invocations=2 (full 0):
 PSYoungGen      total 1024K, used 907K [0x0000000780000000, 0x0000000780200000, 0x00000007c0000000)
  eden space 512K, 96% used [0x0000000780000000,0x000000078007af40,0x0000000780080000)
  from space 512K, 81% used [0x0000000780080000,0x00000007800e8020,0x0000000780100000)
  to   space 512K, 0% used [0x0000000780180000,0x0000000780180000,0x0000000780200000)
 ParOldGen       total 195072K, used 8K [0x0000000700000000, 0x000000070be80000, 0x0000000780000000)
  object space 195072K, 0% used [0x0000000700000000,0x0000000700002000,0x000000070be80000)
 Metaspace       used 2649K, capacity 4480K, committed 4480K, reserved 1056768K
  class space    used 289K, capacity 384K, committed 384K, reserved 1048576K
Event: 0.129 GC heap after
Heap after GC invocations=2 (full 0):
 PSYoungGen      total 1536K, used 512K [0x0000000780000000, 0x0000000780200000, 0x00000007c0000000)
  eden space 1024K, 0% used [0x0000000780000000,0x0000000780000000,0x0000000780100000)
  from space 512K, 100% used [0x0000000780180000,0x0000000780200000,0x0000000780200000)
  to   space 512K, 0% used [0x0000000780100000,0x0000000780100000,0x0000000780180000)
 ParOldGen       total 195072K, used 48K [0x0000000700000000, 0x000000070be80000, 0x0000000780000000)
  object space 195072K, 0% used [0x0000000700000000,0x000000070000c000,0x000000070be80000)
 Metaspace       used 2649K, capacity 4480K, committed 4480K, reserved 1056768K
  class space    used 289K, capacity 384K, committed 384K, reserved 1048576K
}
Event: 0.192 GC heap before
{Heap before GC invocations=3 (full 0):
 PSYoungGen      total 1536K, used 1536K [0x0000000780000000, 0x0000000780200000, 0x00000007c0000000)
  eden space 1024K, 100% used [0x0000000780000000,0x0000000780100000,0x0000000780100000)
  from space 512K, 100% used [0x0000000780180000,0x0000000780200000,0x0000000780200000)
  to   space 512K, 0% used [0x0000000780100000,0x0000000780100000,0x0000000780180000)
 ParOldGen       total 195072K, used 48K [0x0000000700000000, 0x000000070be80000, 0x0000000780000000)
  object space 195072K, 0% used [0x0000000700000000,0x000000070000c000,0x000000070be80000)
 Metaspace       used 3951K, capacity 4692K, committed 4864K, reserved 1056768K
  class space    used 434K, capacity 464K, committed 512K, reserved 1048576K
Event: 0.193 GC heap after
Heap after GC invocations=3 (full 0):
 PSYoungGen      total 1536K, used 502K [0x0000000780000000, 0x0000000780300000, 0x00000007c0000000)
  eden space 1024K, 0% used [0x0000000780000000,0x0000000780000000,0x0000000780100000)
  from space 512K, 98% used [0x0000000780100000,0x000000078017da60,0x0000000780180000)
  to   space 512K, 0% used [0x0000000780280000,0x0000000780280000,0x0000000780300000)
 ParOldGen       total 195072K, used 386K [0x0000000700000000, 0x000000070be80000, 0x0000000780000000)
  object space 195072K, 0% used [0x0000000700000000,0x0000000700060b90,0x000000070be80000)
 Metaspace       used 3951K, capacity 4692K, committed 4864K, reserved 1056768K
  class space    used 434K, capacity 464K, committed 512K, reserved 1048576K
}
Event: 0.556 GC heap before
{Heap before GC invocations=4 (full 0):
 PSYoungGen      total 1536K, used 1526K [0x0000000780000000, 0x0000000780300000, 0x00000007c0000000)
  eden space 1024K, 100% used [0x0000000780000000,0x0000000780100000,0x0000000780100000)
  from space 512K, 98% used [0x0000000780100000,0x000000078017da60,0x0000000780180000)
  to   space 512K, 0% used [0x0000000780280000,0x0000000780280000,0x0000000780300000)
 ParOldGen       total 195072K, used 386K [0x0000000700000000, 0x000000070be80000, 0x0000000780000000)
  object space 195072K, 0% used [0x0000000700000000,0x0000000700060b90,0x000000070be80000)
 Metaspace       used 5475K, capacity 5608K, committed 5888K, reserved 1056768K
  class space    used 602K, capacity 644K, committed 768K, reserved 1048576K
Event: 0.558 GC heap after
Heap after GC invocations=4 (full 0):
 PSYoungGen      total 2560K, used 496K [0x0000000780000000, 0x0000000780300000, 0x00000007c0000000)
  eden space 2048K, 0% used [0x0000000780000000,0x0000000780000000,0x0000000780200000)
  from space 512K, 96% used [0x0000000780280000,0x00000007802fc010,0x0000000780300000)
  to   space 512K, 0% used [0x0000000780200000,0x0000000780200000,0x0000000780280000)
 ParOldGen       total 195072K, used 719K [0x0000000700000000, 0x000000070be80000, 0x0000000780000000)
  object space 195072K, 0% used [0x0000000700000000,0x00000007000b3f40,0x000000070be80000)
 Metaspace       used 5475K, capacity 5608K, committed 5888K, reserved 1056768K
  class space    used 602K, capacity 644K, committed 768K, reserved 1048576K
}
Event: 0.719 GC heap before
{Heap before GC invocations=5 (full 0):
 PSYoungGen      total 2560K, used 2185K [0x0000000780000000, 0x0000000780300000, 0x00000007c0000000)
  eden space 2048K, 82% used [0x0000000780000000,0x00000007801a6428,0x0000000780200000)
  from space 512K, 96% used [0x0000000780280000,0x00000007802fc010,0x0000000780300000)
  to   space 512K, 0% used [0x0000000780200000,0x0000000780200000,0x0000000780280000)
 ParOldGen       total 195072K, used 719K [0x0000000700000000, 0x000000070be80000, 0x0000000780000000)
  object space 195072K, 0% used [0x0000000700000000,0x00000007000b3f40,0x000000070be80000)
 Metaspace       used 8639K, capacity 8800K, committed 9088K, reserved 1056768K
  class space    used 1018K, capacity 1053K, committed 1152K, reserved 1048576K
Event: 0.722 GC heap after
Heap after GC invocations=5 (full 0):
 PSYoungGen      total 2560K, used 512K [0x0000000780000000, 0x0000000780700000, 0x00000007c0000000)
  eden space 2048K, 0% used [0x0000000780000000,0x0000000780000000,0x0000000780200000)
  from space 512K, 100% used [0x0000000780200000,0x0000000780280000,0x0000000780280000)
  to   space 1536K, 0% used [0x0000000780580000,0x0000000780580000,0x0000000780700000)
 ParOldGen       total 195072K, used 1303K [0x0000000700000000, 0x000000070be80000, 0x0000000780000000)
  object space 195072K, 0% used [0x0000000700000000,0x0000000700145f70,0x000000070be80000)
 Metaspace       used 8639K, capacity 8800K, committed 9088K, reserved 1056768K
  class space    used 1018K, capacity 1053K, committed 1152K, reserved 1048576K
}

